{"C:\\Users\\Administrador\\Desktop\\TypeScript\\Aulas\\TypeScript_Backend_Jest\\src\\funcoes.ts": {"path":"C:\\Users\\Administrador\\Desktop\\TypeScript\\Aulas\\TypeScript_Backend_Jest\\src\\funcoes.ts","statementMap":{"0":{"start":{"line":2,"column":4},"end":{"line":2,"column":15}},"1":{"start":{"line":1,"column":0},"end":{"line":1,"column":16}}},"fnMap":{"0":{"name":"somar","decl":{"start":{"line":1,"column":16},"end":{"line":1,"column":21}},"loc":{"start":{"line":1,"column":42},"end":{"line":3,"column":1}}}},"branchMap":{},"s":{"0":6,"1":1},"f":{"0":6},"b":{}}
}
